This file contains any messages produced by compilers while
running configure, to aid debugging if configure makes a mistake.

It was created by configure, which was
generated by GNU Autoconf 2.69.  Invocation command line was

  $ ./configure -enable-sounds

## --------- ##
## Platform. ##
## --------- ##

hostname = localhost.localdomain
uname -m = x86_64
uname -r = 3.10.0-862.el7.x86_64
uname -s = Linux
uname -v = #1 SMP Fri Apr 20 16:44:24 UTC 2018

/usr/bin/uname -p = x86_64
/bin/uname -X     = unknown

/bin/arch              = x86_64
/usr/bin/arch -k       = unknown
/usr/convex/getsysinfo = unknown
/usr/bin/hostinfo      = unknown
/bin/machine           = unknown
/usr/bin/oslevel       = unknown
/bin/universe          = unknown

PATH: /usr/lib64/qt-3.3/bin
PATH: /usr/local/bin
PATH: /usr/local/sbin
PATH: /usr/bin
PATH: /usr/sbin
PATH: /bin
PATH: /sbin
PATH: /root/bin


## ----------- ##
## Core tests. ##
## ----------- ##

configure:2209: checking for grep that handles long lines and -e
configure:2267: result: /usr/bin/grep
configure:2272: checking for egrep
configure:2334: result: /usr/bin/grep -E
configure:2339: checking for a sed that does not truncate output
configure:2403: result: /usr/bin/sed
configure:2537: checking for cc
configure:2553: found /usr/bin/cc
configure:2564: result: cc
configure:2595: checking for C compiler version
configure:2604: cc --version >&5
cc (GCC) 4.8.5 20150623 (Red Hat 4.8.5-28)
Copyright (C) 2015 Free Software Foundation, Inc.
This is free software; see the source for copying conditions.  There is NO
warranty; not even for MERCHANTABILITY or FITNESS FOR A PARTICULAR PURPOSE.

configure:2615: $? = 0
configure:2604: cc -v >&5
Using built-in specs.
COLLECT_GCC=cc
COLLECT_LTO_WRAPPER=/usr/libexec/gcc/x86_64-redhat-linux/4.8.5/lto-wrapper
Target: x86_64-redhat-linux
Configured with: ../configure --prefix=/usr --mandir=/usr/share/man --infodir=/usr/share/info --with-bugurl=http://bugzilla.redhat.com/bugzilla --enable-bootstrap --enable-shared --enable-threads=posix --enable-checking=release --with-system-zlib --enable-__cxa_atexit --disable-libunwind-exceptions --enable-gnu-unique-object --enable-linker-build-id --with-linker-hash-style=gnu --enable-languages=c,c++,objc,obj-c++,java,fortran,ada,go,lto --enable-plugin --enable-initfini-array --disable-libgcj --with-isl=/builddir/build/BUILD/gcc-4.8.5-20150702/obj-x86_64-redhat-linux/isl-install --with-cloog=/builddir/build/BUILD/gcc-4.8.5-20150702/obj-x86_64-redhat-linux/cloog-install --enable-gnu-indirect-function --with-tune=generic --with-arch_32=x86-64 --build=x86_64-redhat-linux
Thread model: posix
gcc version 4.8.5 20150623 (Red Hat 4.8.5-28) (GCC) 
configure:2615: $? = 0
configure:2604: cc -V >&5
cc: error: unrecognized command line option '-V'
cc: fatal error: no input files
compilation terminated.
configure:2615: $? = 4
configure:2604: cc -qversion >&5
cc: error: unrecognized command line option '-qversion'
cc: fatal error: no input files
compilation terminated.
configure:2615: $? = 4
configure:2635: checking whether the C compiler works
configure:2657: cc    conftest.c  >&5
configure:2661: $? = 0
configure:2709: result: yes
configure:2712: checking for C compiler default output file name
configure:2714: result: a.out
configure:2720: checking for suffix of executables
configure:2727: cc -o conftest    conftest.c  >&5
configure:2731: $? = 0
configure:2753: result: 
configure:2775: checking whether we are cross compiling
configure:2783: cc -o conftest    conftest.c  >&5
configure:2787: $? = 0
configure:2794: ./conftest
configure:2798: $? = 0
configure:2813: result: no
configure:2818: checking for suffix of object files
configure:2840: cc -c   conftest.c >&5
configure:2844: $? = 0
configure:2865: result: o
configure:2869: checking whether we are using the GNU C compiler
configure:2888: cc -c   conftest.c >&5
configure:2888: $? = 0
configure:2897: result: yes
configure:2906: checking whether cc accepts -g
configure:2926: cc -c -g  conftest.c >&5
configure:2926: $? = 0
configure:2967: result: yes
configure:2984: checking for cc option to accept ISO C89
configure:3047: cc  -c -g -O2  conftest.c >&5
configure:3047: $? = 0
configure:3060: result: none needed
configure:3086: checking how to run the C preprocessor
configure:3117: cc -E  conftest.c
configure:3117: $? = 0
configure:3131: cc -E  conftest.c
conftest.c:9:28: fatal error: ac_nonexistent.h: No such file or directory
 #include <ac_nonexistent.h>
                            ^
compilation terminated.
configure:3131: $? = 1
configure: failed program was:
| /* confdefs.h */
| #define PACKAGE_NAME ""
| #define PACKAGE_TARNAME ""
| #define PACKAGE_VERSION ""
| #define PACKAGE_STRING ""
| #define PACKAGE_BUGREPORT ""
| #define PACKAGE_URL ""
| /* end confdefs.h.  */
| #include <ac_nonexistent.h>
configure:3156: result: cc -E
configure:3176: cc -E  conftest.c
configure:3176: $? = 0
configure:3190: cc -E  conftest.c
conftest.c:9:28: fatal error: ac_nonexistent.h: No such file or directory
 #include <ac_nonexistent.h>
                            ^
compilation terminated.
configure:3190: $? = 1
configure: failed program was:
| /* confdefs.h */
| #define PACKAGE_NAME ""
| #define PACKAGE_TARNAME ""
| #define PACKAGE_VERSION ""
| #define PACKAGE_STRING ""
| #define PACKAGE_BUGREPORT ""
| #define PACKAGE_URL ""
| /* end confdefs.h.  */
| #include <ac_nonexistent.h>
configure:3221: checking for icc
configure:3230: result: no
configure:3244: checking for suncc
configure:3253: result: no
configure:3271: checking whether cc understands -c and -o together
configure:3299: cc -c conftest.c -o conftest2.o >&5
configure:3303: $? = 0
configure:3309: cc -c conftest.c -o conftest2.o >&5
configure:3313: $? = 0
configure:3368: result: yes
configure:3382: checking for system library directory
configure:3397: result: lib
configure:3404: checking if compiler supports -R
configure:3423: cc -o conftest -g -O2   conftest.c -R /usr/lib  >&5
cc: error: unrecognized command line option '-R'
configure:3423: $? = 1
configure: failed program was:
| /* confdefs.h */
| #define PACKAGE_NAME ""
| #define PACKAGE_TARNAME ""
| #define PACKAGE_VERSION ""
| #define PACKAGE_STRING ""
| #define PACKAGE_BUGREPORT ""
| #define PACKAGE_URL ""
| /* end confdefs.h.  */
| 
| int
| main ()
| {
| 
|   ;
|   return 0;
| }
configure:3433: result: no
configure:3438: checking if compiler supports -Wl,-rpath,
configure:3457: cc -o conftest -g -O2   conftest.c -Wl,-rpath,/usr/lib  >&5
configure:3457: $? = 0
configure:3467: result: yes
configure:3512: checking build system type
configure:3526: result: x86_64-unknown-linux-gnu
configure:3546: checking host system type
configure:3559: result: x86_64-unknown-linux-gnu
configure:3579: checking target system type
configure:3592: result: x86_64-unknown-linux-gnu
configure:3695: checking for PHP prefix
configure:3697: result: /usr
configure:3699: checking for PHP includes
configure:3701: result: -I/usr/include/php -I/usr/include/php/main -I/usr/include/php/TSRM -I/usr/include/php/Zend -I/usr/include/php/ext -I/usr/include/php/ext/date/lib
configure:3703: checking for PHP extension directory
configure:3705: result: /usr/lib64/php/modules
configure:3707: checking for PHP installed headers prefix
configure:3709: result: /usr/include/php
configure:3712: checking if debug is enabled
configure:3738: result: no
configure:3741: checking if zts is enabled
configure:3767: result: no
configure:3838: checking for re2c
configure:3868: result: no
configure:3893: WARNING: You will need re2c 0.13.4 or later if you want to regenerate PHP parsers.
configure:3907: checking for gawk
configure:3924: found /usr/bin/gawk
configure:3935: result: gawk
configure:3979: checking whether to enable sounds support
configure:4018: result: yes, shared
configure:4086: checking for g++
configure:4102: found /usr/bin/g++
configure:4113: result: g++
configure:4140: checking for C++ compiler version
configure:4149: g++ --version >&5
g++ (GCC) 4.8.5 20150623 (Red Hat 4.8.5-28)
Copyright (C) 2015 Free Software Foundation, Inc.
This is free software; see the source for copying conditions.  There is NO
warranty; not even for MERCHANTABILITY or FITNESS FOR A PARTICULAR PURPOSE.

configure:4160: $? = 0
configure:4149: g++ -v >&5
Using built-in specs.
COLLECT_GCC=g++
COLLECT_LTO_WRAPPER=/usr/libexec/gcc/x86_64-redhat-linux/4.8.5/lto-wrapper
Target: x86_64-redhat-linux
Configured with: ../configure --prefix=/usr --mandir=/usr/share/man --infodir=/usr/share/info --with-bugurl=http://bugzilla.redhat.com/bugzilla --enable-bootstrap --enable-shared --enable-threads=posix --enable-checking=release --with-system-zlib --enable-__cxa_atexit --disable-libunwind-exceptions --enable-gnu-unique-object --enable-linker-build-id --with-linker-hash-style=gnu --enable-languages=c,c++,objc,obj-c++,java,fortran,ada,go,lto --enable-plugin --enable-initfini-array --disable-libgcj --with-isl=/builddir/build/BUILD/gcc-4.8.5-20150702/obj-x86_64-redhat-linux/isl-install --with-cloog=/builddir/build/BUILD/gcc-4.8.5-20150702/obj-x86_64-redhat-linux/cloog-install --enable-gnu-indirect-function --with-tune=generic --with-arch_32=x86-64 --build=x86_64-redhat-linux
Thread model: posix
gcc version 4.8.5 20150623 (Red Hat 4.8.5-28) (GCC) 
configure:4160: $? = 0
configure:4149: g++ -V >&5
g++: error: unrecognized command line option '-V'
g++: fatal error: no input files
compilation terminated.
configure:4160: $? = 4
configure:4149: g++ -qversion >&5
g++: error: unrecognized command line option '-qversion'
g++: fatal error: no input files
compilation terminated.
configure:4160: $? = 4
configure:4164: checking whether we are using the GNU C++ compiler
configure:4183: g++ -c -std=c++11 -Wno-deprecated-register  conftest.cpp >&5
configure:4183: $? = 0
configure:4192: result: yes
configure:4201: checking whether g++ accepts -g
configure:4221: g++ -c -g  conftest.cpp >&5
configure:4221: $? = 0
configure:4262: result: yes
configure:4290: checking how to run the C++ preprocessor
configure:4317: g++ -E  conftest.cpp
configure:4317: $? = 0
configure:4331: g++ -E  conftest.cpp
conftest.cpp:9:28: fatal error: ac_nonexistent.h: No such file or directory
 #include <ac_nonexistent.h>
                            ^
compilation terminated.
configure:4331: $? = 1
configure: failed program was:
| /* confdefs.h */
| #define PACKAGE_NAME ""
| #define PACKAGE_TARNAME ""
| #define PACKAGE_VERSION ""
| #define PACKAGE_STRING ""
| #define PACKAGE_BUGREPORT ""
| #define PACKAGE_URL ""
| /* end confdefs.h.  */
| #include <ac_nonexistent.h>
configure:4356: result: g++ -E
configure:4376: g++ -E  conftest.cpp
configure:4376: $? = 0
configure:4390: g++ -E  conftest.cpp
conftest.cpp:9:28: fatal error: ac_nonexistent.h: No such file or directory
 #include <ac_nonexistent.h>
                            ^
compilation terminated.
configure:4390: $? = 1
configure: failed program was:
| /* confdefs.h */
| #define PACKAGE_NAME ""
| #define PACKAGE_TARNAME ""
| #define PACKAGE_VERSION ""
| #define PACKAGE_STRING ""
| #define PACKAGE_BUGREPORT ""
| #define PACKAGE_URL ""
| /* end confdefs.h.  */
| #include <ac_nonexistent.h>
configure:4802: checking how to print strings
configure:4829: result: printf
configure:4850: checking for a sed that does not truncate output
configure:4914: result: /usr/bin/sed
configure:4932: checking for fgrep
configure:4994: result: /usr/bin/grep -F
configure:5029: checking for ld used by cc
configure:5096: result: /usr/bin/ld
configure:5103: checking if the linker (/usr/bin/ld) is GNU ld
configure:5118: result: yes
configure:5130: checking for BSD- or MS-compatible name lister (nm)
configure:5179: result: /usr/bin/nm -B
configure:5309: checking the name lister (/usr/bin/nm -B) interface
configure:5316: cc -c -g -O2  conftest.c >&5
configure:5319: /usr/bin/nm -B "conftest.o"
configure:5322: output
0000000000000000 B some_variable
configure:5329: result: BSD nm
configure:5332: checking whether ln -s works
configure:5336: result: yes
configure:5344: checking the maximum length of command line arguments
configure:5474: result: 1572864
configure:5491: checking whether the shell understands some XSI constructs
configure:5501: result: yes
configure:5505: checking whether the shell understands "+="
configure:5511: result: yes
configure:5546: checking how to convert x86_64-unknown-linux-gnu file names to x86_64-unknown-linux-gnu format
configure:5586: result: func_convert_file_noop
configure:5593: checking how to convert x86_64-unknown-linux-gnu file names to toolchain format
configure:5613: result: func_convert_file_noop
configure:5620: checking for /usr/bin/ld option to reload object files
configure:5627: result: -r
configure:5701: checking for objdump
configure:5717: found /usr/bin/objdump
configure:5728: result: objdump
configure:5760: checking how to recognize dependent libraries
configure:5962: result: pass_all
configure:6047: checking for dlltool
configure:6077: result: no
configure:6107: checking how to associate runtime and link libraries
configure:6134: result: printf %s\n
configure:6194: checking for ar
configure:6210: found /usr/bin/ar
configure:6221: result: ar
configure:6258: checking for archiver @FILE support
configure:6275: cc -c -g -O2  conftest.c >&5
configure:6275: $? = 0
configure:6278: ar cru libconftest.a @conftest.lst >&5
configure:6281: $? = 0
configure:6286: ar cru libconftest.a @conftest.lst >&5
ar: conftest.o: No such file or directory
configure:6289: $? = 1
configure:6301: result: @
configure:6359: checking for strip
configure:6375: found /usr/bin/strip
configure:6386: result: strip
configure:6458: checking for ranlib
configure:6474: found /usr/bin/ranlib
configure:6485: result: ranlib
configure:6562: checking for gawk
configure:6589: result: gawk
configure:6629: checking command to parse /usr/bin/nm -B output from cc object
configure:6749: cc -c -g -O2  conftest.c >&5
configure:6752: $? = 0
configure:6756: /usr/bin/nm -B conftest.o \| sed -n -e 's/^.*[ ]\([ABCDGIRSTW][ABCDGIRSTW]*\)[ ][ ]*\([_A-Za-z][_A-Za-z0-9]*\)$/\1 \2 \2/p' | sed '/ __gnu_lto/d' \> conftest.nm
configure:6759: $? = 0
configure:6825: cc -o conftest -g -O2   conftest.c conftstm.o >&5
configure:6828: $? = 0
configure:6866: result: ok
configure:6903: checking for sysroot
configure:6933: result: no
configure:7010: cc -c -g -O2  conftest.c >&5
configure:7013: $? = 0
configure:7189: checking for mt
configure:7219: result: no
configure:7239: checking if : is a manifest tool
configure:7245: : '-?'
configure:7253: result: no
configure:7890: checking for ANSI C header files
configure:7910: cc -c -g -O2  conftest.c >&5
configure:7910: $? = 0
configure:7983: cc -o conftest -g -O2   conftest.c -lstdc++  >&5
configure:7983: $? = 0
configure:7983: ./conftest
configure:7983: $? = 0
configure:7994: result: yes
configure:8007: checking for sys/types.h
configure:8007: cc -c -g -O2  conftest.c >&5
configure:8007: $? = 0
configure:8007: result: yes
configure:8007: checking for sys/stat.h
configure:8007: cc -c -g -O2  conftest.c >&5
configure:8007: $? = 0
configure:8007: result: yes
configure:8007: checking for stdlib.h
configure:8007: cc -c -g -O2  conftest.c >&5
configure:8007: $? = 0
configure:8007: result: yes
configure:8007: checking for string.h
configure:8007: cc -c -g -O2  conftest.c >&5
configure:8007: $? = 0
configure:8007: result: yes
configure:8007: checking for memory.h
configure:8007: cc -c -g -O2  conftest.c >&5
configure:8007: $? = 0
configure:8007: result: yes
configure:8007: checking for strings.h
configure:8007: cc -c -g -O2  conftest.c >&5
configure:8007: $? = 0
configure:8007: result: yes
configure:8007: checking for inttypes.h
configure:8007: cc -c -g -O2  conftest.c >&5
configure:8007: $? = 0
configure:8007: result: yes
configure:8007: checking for stdint.h
configure:8007: cc -c -g -O2  conftest.c >&5
configure:8007: $? = 0
configure:8007: result: yes
configure:8007: checking for unistd.h
configure:8007: cc -c -g -O2  conftest.c >&5
configure:8007: $? = 0
configure:8007: result: yes
configure:8021: checking for dlfcn.h
configure:8021: cc -c -g -O2  conftest.c >&5
configure:8021: $? = 0
configure:8021: result: yes
configure:8238: checking for objdir
configure:8253: result: .libs
configure:8524: checking if cc supports -fno-rtti -fno-exceptions
configure:8542: cc -c -g -O2  -fno-rtti -fno-exceptions conftest.c >&5
cc1: warning: command line option '-fno-rtti' is valid for C++/ObjC++ but not for C [enabled by default]
configure:8546: $? = 0
configure:8559: result: no
configure:8886: checking for cc option to produce PIC
configure:8893: result: -fPIC -DPIC
configure:8901: checking if cc PIC flag -fPIC -DPIC works
configure:8919: cc -c -g -O2  -fPIC -DPIC -DPIC conftest.c >&5
configure:8923: $? = 0
configure:8936: result: yes
configure:8965: checking if cc static flag -static works
configure:8993: result: no
configure:9008: checking if cc supports -c -o file.o
configure:9029: cc -c -g -O2  -o out/conftest2.o conftest.c >&5
configure:9033: $? = 0
configure:9055: result: yes
configure:9063: checking if cc supports -c -o file.o
configure:9110: result: yes
configure:9143: checking whether the cc linker (/usr/bin/ld -m elf_x86_64) supports shared libraries
configure:10296: result: yes
configure:10333: checking whether -lc should be explicitly linked in
configure:10341: cc -c -g -O2  conftest.c >&5
configure:10344: $? = 0
configure:10359: cc -shared  -fPIC -DPIC conftest.o  -v -Wl,-soname -Wl,conftest -o conftest 2\>\&1 \| /usr/bin/grep  -lc  \>/dev/null 2\>\&1
configure:10362: $? = 0
configure:10376: result: no
configure:10536: checking dynamic linker characteristics
configure:11047: cc -o conftest -g -O2   -Wl,-rpath -Wl,/foo conftest.c -lstdc++  >&5
configure:11047: $? = 0
configure:11273: result: GNU/Linux ld.so
configure:11380: checking how to hardcode library paths into programs
configure:11405: result: immediate
configure:11945: checking whether stripping libraries is possible
configure:11950: result: yes
configure:11985: checking if libtool supports shared libraries
configure:11987: result: yes
configure:11990: checking whether to build shared libraries
configure:12011: result: yes
configure:12014: checking whether to build static libraries
configure:12018: result: no
configure:12041: checking how to run the C++ preprocessor
configure:12107: result: g++ -E
configure:12127: g++ -E  conftest.cpp
configure:12127: $? = 0
configure:12141: g++ -E  conftest.cpp
conftest.cpp:22:28: fatal error: ac_nonexistent.h: No such file or directory
 #include <ac_nonexistent.h>
                            ^
compilation terminated.
configure:12141: $? = 1
configure: failed program was:
| /* confdefs.h */
| #define PACKAGE_NAME ""
| #define PACKAGE_TARNAME ""
| #define PACKAGE_VERSION ""
| #define PACKAGE_STRING ""
| #define PACKAGE_BUGREPORT ""
| #define PACKAGE_URL ""
| #define COMPILE_DL_SOUNDS 1
| #define STDC_HEADERS 1
| #define HAVE_SYS_TYPES_H 1
| #define HAVE_SYS_STAT_H 1
| #define HAVE_STDLIB_H 1
| #define HAVE_STRING_H 1
| #define HAVE_MEMORY_H 1
| #define HAVE_STRINGS_H 1
| #define HAVE_INTTYPES_H 1
| #define HAVE_STDINT_H 1
| #define HAVE_UNISTD_H 1
| #define HAVE_DLFCN_H 1
| #define LT_OBJDIR ".libs/"
| /* end confdefs.h.  */
| #include <ac_nonexistent.h>
configure:12310: checking for ld used by g++
configure:12377: result: /usr/bin/ld -m elf_x86_64
configure:12384: checking if the linker (/usr/bin/ld -m elf_x86_64) is GNU ld
configure:12399: result: yes
configure:12454: checking whether the g++ linker (/usr/bin/ld -m elf_x86_64) supports shared libraries
configure:13459: result: yes
configure:13495: g++ -c -std=c++11 -Wno-deprecated-register  conftest.cpp >&5
configure:13498: $? = 0
configure:14018: checking for g++ option to produce PIC
configure:14025: result: -fPIC -DPIC
configure:14033: checking if g++ PIC flag -fPIC -DPIC works
configure:14051: g++ -c -std=c++11 -Wno-deprecated-register  -fPIC -DPIC -DPIC conftest.cpp >&5
configure:14055: $? = 0
configure:14068: result: yes
configure:14091: checking if g++ static flag -static works
configure:14119: result: no
configure:14131: checking if g++ supports -c -o file.o
configure:14152: g++ -c -std=c++11 -Wno-deprecated-register  -o out/conftest2.o conftest.cpp >&5
configure:14156: $? = 0
configure:14178: result: yes
configure:14183: checking if g++ supports -c -o file.o
configure:14230: result: yes
configure:14260: checking whether the g++ linker (/usr/bin/ld -m elf_x86_64) supports shared libraries
configure:14296: result: yes
configure:14437: checking dynamic linker characteristics
configure:15108: result: GNU/Linux ld.so
configure:15161: checking how to hardcode library paths into programs
configure:15186: result: immediate
configure:15486: creating ./config.status

## ---------------------- ##
## Running config.status. ##
## ---------------------- ##

This file was extended by config.status, which was
generated by GNU Autoconf 2.69.  Invocation command line was

  CONFIG_FILES    = 
  CONFIG_HEADERS  = 
  CONFIG_LINKS    = 
  CONFIG_COMMANDS = 
  $ ./config.status 

on localhost.localdomain

config.status:942: creating config.h
config.status:1046: executing libtool commands

## ---------------- ##
## Cache variables. ##
## ---------------- ##

ac_cv_build=x86_64-unknown-linux-gnu
ac_cv_c_compiler_gnu=yes
ac_cv_cxx_compiler_gnu=yes
ac_cv_env_CCC_set=
ac_cv_env_CCC_value=
ac_cv_env_CC_set=
ac_cv_env_CC_value=
ac_cv_env_CFLAGS_set=
ac_cv_env_CFLAGS_value=
ac_cv_env_CPPFLAGS_set=
ac_cv_env_CPPFLAGS_value=
ac_cv_env_CPP_set=
ac_cv_env_CPP_value=
ac_cv_env_CXXCPP_set=
ac_cv_env_CXXCPP_value=
ac_cv_env_CXXFLAGS_set=
ac_cv_env_CXXFLAGS_value=
ac_cv_env_CXX_set=
ac_cv_env_CXX_value=
ac_cv_env_LDFLAGS_set=
ac_cv_env_LDFLAGS_value=
ac_cv_env_LIBS_set=
ac_cv_env_LIBS_value=
ac_cv_env_build_alias_set=
ac_cv_env_build_alias_value=
ac_cv_env_host_alias_set=
ac_cv_env_host_alias_value=
ac_cv_env_target_alias_set=
ac_cv_env_target_alias_value=
ac_cv_header_dlfcn_h=yes
ac_cv_header_inttypes_h=yes
ac_cv_header_memory_h=yes
ac_cv_header_stdc=yes
ac_cv_header_stdint_h=yes
ac_cv_header_stdlib_h=yes
ac_cv_header_string_h=yes
ac_cv_header_strings_h=yes
ac_cv_header_sys_stat_h=yes
ac_cv_header_sys_types_h=yes
ac_cv_header_unistd_h=yes
ac_cv_host=x86_64-unknown-linux-gnu
ac_cv_objext=o
ac_cv_path_EGREP='/usr/bin/grep -E'
ac_cv_path_FGREP='/usr/bin/grep -F'
ac_cv_path_GREP=/usr/bin/grep
ac_cv_path_SED=/usr/bin/sed
ac_cv_prog_AWK=gawk
ac_cv_prog_CPP='cc -E'
ac_cv_prog_CXXCPP='g++ -E'
ac_cv_prog_ac_ct_AR=ar
ac_cv_prog_ac_ct_CC=cc
ac_cv_prog_ac_ct_CXX=g++
ac_cv_prog_ac_ct_OBJDUMP=objdump
ac_cv_prog_ac_ct_RANLIB=ranlib
ac_cv_prog_ac_ct_STRIP=strip
ac_cv_prog_cc_c89=
ac_cv_prog_cc_cc_c_o=yes
ac_cv_prog_cc_g=yes
ac_cv_prog_cxx_g=yes
ac_cv_target=x86_64-unknown-linux-gnu
lt_cv_ar_at_file=@
lt_cv_archive_cmds_need_lc=no
lt_cv_deplibs_check_method=pass_all
lt_cv_file_magic_cmd='$MAGIC_CMD'
lt_cv_file_magic_test_file=
lt_cv_ld_reload_flag=-r
lt_cv_nm_interface='BSD nm'
lt_cv_objdir=.libs
lt_cv_path_LD=/usr/bin/ld
lt_cv_path_LDCXX='/usr/bin/ld -m elf_x86_64'
lt_cv_path_NM='/usr/bin/nm -B'
lt_cv_path_mainfest_tool=no
lt_cv_prog_compiler_c_o=yes
lt_cv_prog_compiler_c_o_CXX=yes
lt_cv_prog_compiler_pic='-fPIC -DPIC'
lt_cv_prog_compiler_pic_CXX='-fPIC -DPIC'
lt_cv_prog_compiler_pic_works=yes
lt_cv_prog_compiler_pic_works_CXX=yes
lt_cv_prog_compiler_rtti_exceptions=no
lt_cv_prog_compiler_static_works=no
lt_cv_prog_compiler_static_works_CXX=no
lt_cv_prog_gnu_ld=yes
lt_cv_prog_gnu_ldcxx=yes
lt_cv_sharedlib_from_linklib_cmd='printf %s\n'
lt_cv_shlibpath_overrides_runpath=no
lt_cv_sys_global_symbol_pipe='sed -n -e '\''s/^.*[	 ]\([ABCDGIRSTW][ABCDGIRSTW]*\)[	 ][	 ]*\([_A-Za-z][_A-Za-z0-9]*\)$/\1 \2 \2/p'\'' | sed '\''/ __gnu_lto/d'\'''
lt_cv_sys_global_symbol_to_c_name_address='sed -n -e '\''s/^: \([^ ]*\)[ ]*$/  {\"\1\", (void *) 0},/p'\'' -e '\''s/^[ABCDGIRSTW]* \([^ ]*\) \([^ ]*\)$/  {"\2", (void *) \&\2},/p'\'''
lt_cv_sys_global_symbol_to_c_name_address_lib_prefix='sed -n -e '\''s/^: \([^ ]*\)[ ]*$/  {\"\1\", (void *) 0},/p'\'' -e '\''s/^[ABCDGIRSTW]* \([^ ]*\) \(lib[^ ]*\)$/  {"\2", (void *) \&\2},/p'\'' -e '\''s/^[ABCDGIRSTW]* \([^ ]*\) \([^ ]*\)$/  {"lib\2", (void *) \&\2},/p'\'''
lt_cv_sys_global_symbol_to_cdecl='sed -n -e '\''s/^T .* \(.*\)$/extern int \1();/p'\'' -e '\''s/^[ABCDGIRSTW]* .* \(.*\)$/extern char \1;/p'\'''
lt_cv_sys_max_cmd_len=1572864
lt_cv_to_host_file_cmd=func_convert_file_noop
lt_cv_to_tool_file_cmd=func_convert_file_noop
php_cv_cc_dashr=no
php_cv_cc_rpath=yes

## ----------------- ##
## Output variables. ##
## ----------------- ##

AR='ar'
AWK='gawk'
CC='cc'
CFLAGS='-g -O2'
CONFIGURE_COMMAND=' '\''./configure'\'' '
CONFIGURE_OPTIONS=''
CPP='cc -E'
CPPFLAGS=' -DHAVE_CONFIG_H'
CXX='g++'
CXXCPP='g++ -E'
CXXFLAGS='-std=c++11 -Wno-deprecated-register'
DEFS='-DHAVE_CONFIG_H'
DLLTOOL='false'
DSYMUTIL=''
DUMPBIN=''
ECHO_C=''
ECHO_N='-n'
ECHO_T=''
EGREP='/usr/bin/grep -E'
EXEEXT=''
FGREP='/usr/bin/grep -F'
GREP='/usr/bin/grep'
LD='/usr/bin/ld -m elf_x86_64'
LDFLAGS=''
LIBOBJS=''
LIBS='-lstdc++ '
LIBTOOL='$(SHELL) $(top_builddir)/libtool'
LIPO=''
LN_S='ln -s'
LTLIBOBJS=''
MANIFEST_TOOL=':'
NM='/usr/bin/nm -B'
NMEDIT=''
OBJDUMP='objdump'
OBJEXT='o'
OTOOL64=''
OTOOL=''
PACKAGE_BUGREPORT=''
PACKAGE_NAME=''
PACKAGE_STRING=''
PACKAGE_TARNAME=''
PACKAGE_URL=''
PACKAGE_VERSION=''
PATH_SEPARATOR=':'
RANLIB='ranlib'
RE2C='exit 0;'
SED='/usr/bin/sed'
SHELL='/bin/sh'
SHLIB_DL_SUFFIX_NAME='so'
SHLIB_SUFFIX_NAME='so'
STRIP='strip'
ac_ct_AR='ar'
ac_ct_CC='cc'
ac_ct_CXX='g++'
ac_ct_DUMPBIN=''
bindir='${exec_prefix}/bin'
build='x86_64-unknown-linux-gnu'
build_alias=''
build_cpu='x86_64'
build_os='linux-gnu'
build_vendor='unknown'
datadir='${datarootdir}'
datarootdir='${prefix}/share'
docdir='${datarootdir}/doc/${PACKAGE}'
dvidir='${docdir}'
exec_prefix='$(prefix)'
host='x86_64-unknown-linux-gnu'
host_alias='x86_64-unknown-linux-gnu'
host_cpu='x86_64'
host_os='linux-gnu'
host_vendor='unknown'
htmldir='${docdir}'
includedir='${prefix}/include'
infodir='${datarootdir}/info'
libdir='${exec_prefix}/lib'
libexecdir='${exec_prefix}/libexec'
localedir='${datarootdir}/locale'
localstatedir='${prefix}/var'
mandir='${datarootdir}/man'
oldincludedir='/usr/include'
pdfdir='${docdir}'
prefix='/usr'
program_transform_name='s,x,x,'
psdir='${docdir}'
sbindir='${exec_prefix}/sbin'
sharedstatedir='${prefix}/com'
sysconfdir='${prefix}/etc'
target='x86_64-unknown-linux-gnu'
target_alias=''
target_cpu='x86_64'
target_os='linux-gnu'
target_vendor='unknown'

## ----------- ##
## confdefs.h. ##
## ----------- ##

/* confdefs.h */
#define PACKAGE_NAME ""
#define PACKAGE_TARNAME ""
#define PACKAGE_VERSION ""
#define PACKAGE_STRING ""
#define PACKAGE_BUGREPORT ""
#define PACKAGE_URL ""
#define COMPILE_DL_SOUNDS 1
#define STDC_HEADERS 1
#define HAVE_SYS_TYPES_H 1
#define HAVE_SYS_STAT_H 1
#define HAVE_STDLIB_H 1
#define HAVE_STRING_H 1
#define HAVE_MEMORY_H 1
#define HAVE_STRINGS_H 1
#define HAVE_INTTYPES_H 1
#define HAVE_STDINT_H 1
#define HAVE_UNISTD_H 1
#define HAVE_DLFCN_H 1
#define LT_OBJDIR ".libs/"

configure: exit 0
